<?xml version="1.0" encoding="UTF-8"?>
<!-- Generated by org.testng.reporters.JUnitReportReporter -->
<testsuite hostname="misfit.local" name="testNG_Training.MoneyTest" tests="2" failures="0" timestamp="24 Oct 2016 09:04:47 GMT" time="0.011" errors="0">
  <testcase name="constructorShouldSetAmountAndCurrency" time="0.001" classname="testNG_Training.MoneyTest"/>
  <testcase name="constructorShouldSetAmountAndCurrency" time="0.010" classname="testNG_Training.MoneyTest"/>
</testsuite> <!-- testNG_Training.MoneyTest -->
